0 info it worked if it ends with ok
1 verbose cli [ '/usr/local/bin/node',
1 verbose cli   '/usr/local/bin/npm',
1 verbose cli   'install',
1 verbose cli   'history',
1 verbose cli   'react-router@latest' ]
2 info using npm@3.10.3
3 info using node@v6.4.0
4 silly loadCurrentTree Starting
5 silly install loadCurrentTree
6 silly install readLocalPackageData
7 silly fetchPackageMetaData history
8 silly fetchPackageMetaData react-router@latest
9 silly fetchNamedPackageData history
10 silly mapToRegistry name history
11 silly mapToRegistry using default registry
12 silly mapToRegistry registry https://registry.npmjs.org/
13 silly mapToRegistry data Result {
13 silly mapToRegistry   raw: 'history',
13 silly mapToRegistry   scope: null,
13 silly mapToRegistry   escapedName: 'history',
13 silly mapToRegistry   name: 'history',
13 silly mapToRegistry   rawSpec: '',
13 silly mapToRegistry   spec: 'latest',
13 silly mapToRegistry   type: 'tag' }
14 silly mapToRegistry uri https://registry.npmjs.org/history
15 silly fetchNamedPackageData react-router
16 silly mapToRegistry name react-router
17 silly mapToRegistry using default registry
18 silly mapToRegistry registry https://registry.npmjs.org/
19 silly mapToRegistry data Result {
19 silly mapToRegistry   raw: 'react-router',
19 silly mapToRegistry   scope: null,
19 silly mapToRegistry   escapedName: 'react-router',
19 silly mapToRegistry   name: 'react-router',
19 silly mapToRegistry   rawSpec: '',
19 silly mapToRegistry   spec: 'latest',
19 silly mapToRegistry   type: 'tag' }
20 silly mapToRegistry uri https://registry.npmjs.org/react-router
21 verbose request uri https://registry.npmjs.org/react-router
22 verbose request no auth needed
23 info attempt registry request try #1 at 11:46:17 AM
24 verbose request id f15ae92468da4e71
25 verbose etag "2BQ85ZQRHIARSITNYAZCTUJYS"
26 http request GET https://registry.npmjs.org/react-router
27 verbose request uri https://registry.npmjs.org/history
28 verbose request no auth needed
29 info attempt registry request try #1 at 11:46:17 AM
30 verbose etag "4HD6ACL19RR64FIANAQKGPIXQ"
31 http request GET https://registry.npmjs.org/history
32 info retry will retry, error on last attempt: Error: getaddrinfo ENOTFOUND registry.npmjs.org registry.npmjs.org:443
33 info retry will retry, error on last attempt: Error: getaddrinfo ENOTFOUND registry.npmjs.org registry.npmjs.org:443
34 info attempt registry request try #2 at 11:46:43 AM
35 verbose etag "4HD6ACL19RR64FIANAQKGPIXQ"
36 http request GET https://registry.npmjs.org/history
37 info attempt registry request try #2 at 11:46:43 AM
38 verbose etag "2BQ85ZQRHIARSITNYAZCTUJYS"
39 http request GET https://registry.npmjs.org/react-router
40 info retry will retry, error on last attempt: Error: getaddrinfo ENOTFOUND registry.npmjs.org registry.npmjs.org:443
41 info retry will retry, error on last attempt: Error: getaddrinfo ENOTFOUND registry.npmjs.org registry.npmjs.org:443
42 info attempt registry request try #3 at 11:47:43 AM
43 verbose etag "4HD6ACL19RR64FIANAQKGPIXQ"
44 http request GET https://registry.npmjs.org/history
45 info attempt registry request try #3 at 11:47:43 AM
46 verbose etag "2BQ85ZQRHIARSITNYAZCTUJYS"
47 http request GET https://registry.npmjs.org/react-router
48 silly get cb [ 304, undefined ]
49 verbose etag https://registry.npmjs.org/history from cache
50 verbose get saving history to /Users/nickpisciotta/.npm/registry.npmjs.org/history/.cache.json
51 verbose correctMkdir /Users/nickpisciotta/.npm correctMkdir not in flight; initializing
52 silly get cb [ 304, undefined ]
53 verbose etag https://registry.npmjs.org/react-router from cache
54 verbose get saving react-router to /Users/nickpisciotta/.npm/registry.npmjs.org/react-router/.cache.json
55 verbose correctMkdir /Users/nickpisciotta/.npm correctMkdir already in flight; waiting
56 silly install normalizeTree
57 silly loadCurrentTree Finishing
58 silly loadIdealTree Starting
59 silly install loadIdealTree
60 silly cloneCurrentTree Starting
61 silly install cloneCurrentTreeToIdealTree
62 silly cloneCurrentTree Finishing
63 silly loadShrinkwrap Starting
64 silly install loadShrinkwrap
65 silly loadShrinkwrap Finishing
66 silly loadAllDepsIntoIdealTree Starting
67 silly install loadAllDepsIntoIdealTree
68 silly resolveWithNewModule history@4.1.0 checking installable status
69 silly cache add args [ 'history', null ]
70 verbose cache add spec history
71 silly resolveWithNewModule react-router@2.8.1 checking installable status
72 silly cache add args [ 'react-router@latest', null ]
73 verbose cache add spec react-router@latest
74 silly cache add parsed spec Result {
74 silly cache add   raw: 'history',
74 silly cache add   scope: null,
74 silly cache add   escapedName: 'history',
74 silly cache add   name: 'history',
74 silly cache add   rawSpec: '',
74 silly cache add   spec: 'latest',
74 silly cache add   type: 'tag' }
75 silly addNamed history@latest
76 verbose addNamed "latest" is being treated as a dist-tag for history
77 info addNameTag [ 'history', 'latest' ]
78 silly mapToRegistry name history
79 silly mapToRegistry using default registry
80 silly mapToRegistry registry https://registry.npmjs.org/
81 silly mapToRegistry data Result {
81 silly mapToRegistry   raw: 'history',
81 silly mapToRegistry   scope: null,
81 silly mapToRegistry   escapedName: 'history',
81 silly mapToRegistry   name: 'history',
81 silly mapToRegistry   rawSpec: '',
81 silly mapToRegistry   spec: 'latest',
81 silly mapToRegistry   type: 'tag' }
82 silly mapToRegistry uri https://registry.npmjs.org/history
83 verbose addNameTag registry:https://registry.npmjs.org/history not in flight; fetching
84 silly cache add parsed spec Result {
84 silly cache add   raw: 'react-router@latest',
84 silly cache add   scope: null,
84 silly cache add   escapedName: 'react-router',
84 silly cache add   name: 'react-router',
84 silly cache add   rawSpec: 'latest',
84 silly cache add   spec: 'latest',
84 silly cache add   type: 'tag' }
85 silly addNamed react-router@latest
86 verbose addNamed "latest" is being treated as a dist-tag for react-router
87 info addNameTag [ 'react-router', 'latest' ]
88 silly mapToRegistry name react-router
89 silly mapToRegistry using default registry
90 silly mapToRegistry registry https://registry.npmjs.org/
91 silly mapToRegistry data Result {
91 silly mapToRegistry   raw: 'react-router',
91 silly mapToRegistry   scope: null,
91 silly mapToRegistry   escapedName: 'react-router',
91 silly mapToRegistry   name: 'react-router',
91 silly mapToRegistry   rawSpec: '',
91 silly mapToRegistry   spec: 'latest',
91 silly mapToRegistry   type: 'tag' }
92 silly mapToRegistry uri https://registry.npmjs.org/react-router
93 verbose addNameTag registry:https://registry.npmjs.org/react-router not in flight; fetching
94 verbose get https://registry.npmjs.org/history not expired, no request
95 silly addNameTag next cb for history with tag latest
96 silly addNamed history@4.1.0
97 verbose addNamed "4.1.0" is a plain semver version for history
98 verbose get https://registry.npmjs.org/react-router not expired, no request
99 silly addNameTag next cb for react-router with tag latest
100 silly addNamed react-router@2.8.1
101 verbose addNamed "2.8.1" is a plain semver version for react-router
102 silly mapToRegistry name history
103 silly mapToRegistry using default registry
104 silly mapToRegistry registry https://registry.npmjs.org/
105 silly mapToRegistry data Result {
105 silly mapToRegistry   raw: 'history',
105 silly mapToRegistry   scope: null,
105 silly mapToRegistry   escapedName: 'history',
105 silly mapToRegistry   name: 'history',
105 silly mapToRegistry   rawSpec: '',
105 silly mapToRegistry   spec: 'latest',
105 silly mapToRegistry   type: 'tag' }
106 silly mapToRegistry uri https://registry.npmjs.org/history
107 verbose addRemoteTarball https://registry.npmjs.org/history/-/history-4.1.0.tgz not in flight; adding
108 verbose addRemoteTarball [ 'https://registry.npmjs.org/history/-/history-4.1.0.tgz',
108 verbose addRemoteTarball   '283c5f7a25dd39a7f91bb4444b590f1456c7a297' ]
109 silly cache afterAdd react-router@2.8.1
110 verbose afterAdd /Users/nickpisciotta/.npm/react-router/2.8.1/package/package.json not in flight; writing
111 verbose correctMkdir /Users/nickpisciotta/.npm correctMkdir not in flight; initializing
112 info retry fetch attempt 1 at 11:47:58 AM
113 info attempt registry request try #1 at 11:47:58 AM
114 http fetch GET https://registry.npmjs.org/history/-/history-4.1.0.tgz
115 verbose afterAdd /Users/nickpisciotta/.npm/react-router/2.8.1/package/package.json written
116 info retry will retry, error on last attempt: Error: getaddrinfo ENOTFOUND registry.npmjs.org registry.npmjs.org:443
117 info attempt registry request try #2 at 11:48:08 AM
118 http fetch GET https://registry.npmjs.org/history/-/history-4.1.0.tgz
119 info retry will retry, error on last attempt: Error: getaddrinfo ENOTFOUND registry.npmjs.org registry.npmjs.org:443
120 info attempt registry request try #3 at 11:49:08 AM
121 http fetch GET https://registry.npmjs.org/history/-/history-4.1.0.tgz
122 error fetch failed https://registry.npmjs.org/history/-/history-4.1.0.tgz
123 warn retry will retry, error on last attempt: Error: getaddrinfo ENOTFOUND registry.npmjs.org registry.npmjs.org:443
124 info retry fetch attempt 2 at 11:49:33 AM
125 info attempt registry request try #1 at 11:49:33 AM
126 http fetch GET https://registry.npmjs.org/history/-/history-4.1.0.tgz
127 info retry will retry, error on last attempt: Error: getaddrinfo ENOTFOUND registry.npmjs.org registry.npmjs.org:443
128 info attempt registry request try #2 at 11:49:43 AM
129 http fetch GET https://registry.npmjs.org/history/-/history-4.1.0.tgz
130 info retry will retry, error on last attempt: Error: getaddrinfo ENOTFOUND registry.npmjs.org registry.npmjs.org:443
131 info attempt registry request try #3 at 11:50:43 AM
132 http fetch GET https://registry.npmjs.org/history/-/history-4.1.0.tgz
133 error fetch failed https://registry.npmjs.org/history/-/history-4.1.0.tgz
134 warn retry will retry, error on last attempt: Error: getaddrinfo ENOTFOUND registry.npmjs.org registry.npmjs.org:443
135 info retry fetch attempt 3 at 11:51:59 AM
136 info attempt registry request try #1 at 11:51:59 AM
137 http fetch GET https://registry.npmjs.org/history/-/history-4.1.0.tgz
138 info retry will retry, error on last attempt: Error: getaddrinfo ENOTFOUND registry.npmjs.org registry.npmjs.org:443
139 info attempt registry request try #2 at 11:52:24 AM
140 http fetch GET https://registry.npmjs.org/history/-/history-4.1.0.tgz
141 info retry will retry, error on last attempt: Error: getaddrinfo ENOTFOUND registry.npmjs.org registry.npmjs.org:443
142 info attempt registry request try #3 at 11:53:24 AM
143 http fetch GET https://registry.npmjs.org/history/-/history-4.1.0.tgz
144 error fetch failed https://registry.npmjs.org/history/-/history-4.1.0.tgz
145 silly rollbackFailedOptional Starting
146 silly rollbackFailedOptional Finishing
147 silly runTopLevelLifecycles Starting
148 silly runTopLevelLifecycles Finishing
149 silly install printInstalled
150 verbose stack Error: getaddrinfo ENOTFOUND registry.npmjs.org registry.npmjs.org:443
150 verbose stack     at errnoException (dns.js:28:10)
150 verbose stack     at GetAddrInfoReqWrap.onlookup [as oncomplete] (dns.js:79:26)
151 verbose cwd /Users/nickpisciotta/side_projects/rails_api_react_app
152 error Darwin 16.0.0
153 error argv "/usr/local/bin/node" "/usr/local/bin/npm" "install" "history" "react-router@latest"
154 error node v6.4.0
155 error npm  v3.10.3
156 error code ENOTFOUND
157 error errno ENOTFOUND
158 error syscall getaddrinfo
159 error network getaddrinfo ENOTFOUND registry.npmjs.org registry.npmjs.org:443
160 error network This is most likely not a problem with npm itself
160 error network and is related to network connectivity.
160 error network In most cases you are behind a proxy or have bad network settings.
160 error network
160 error network If you are behind a proxy, please make sure that the
160 error network 'proxy' config is set properly.  See: 'npm help config'
161 verbose exit [ 1, true ]
